  Date.cpp
  Mark.cpp
  MarksWorker.cpp
  Student.cpp
  students.cpp
C:\Users\anon2\OneDrive\Documents\Students\students\MarksWorker.cpp(78,21): warning C4267:  return: преобразование из "size_t" в "int"; возможна потеря данных
C:\Users\anon2\OneDrive\Documents\Students\students\students.cpp(186,6): warning C4101:  id: неиспользованная локальная переменная
  StudentsWorker.cpp
C:\Users\anon2\OneDrive\Documents\Students\students\students.cpp(186,10): warning C4101:  comand: неиспользованная локальная переменная
  Subject.cpp
  SubjectWorker.cpp
C:\Users\anon2\OneDrive\Documents\Students\students\StudentsWorker.cpp(77,20): warning C4267:  return: преобразование из "size_t" в "int"; возможна потеря данных
  Создание кода...
C:\Users\anon2\OneDrive\Documents\Students\students\SubjectWorker.cpp(78,24): warning C4267:  return: преобразование из "size_t" в "int"; возможна потеря данных
C:\Users\anon2\OneDrive\Documents\Students\students\SubjectWorker.cpp(29): warning C4172:  возвращение адреса локальной или временной переменной : i
C:\Users\anon2\OneDrive\Documents\Students\students\StudentsWorker.cpp(30): warning C4172:  возвращение адреса локальной или временной переменной : i
C:\Users\anon2\OneDrive\Documents\Students\students\StudentsWorker.cpp(40): warning C4172:  возвращение адреса локальной или временной переменной : i
C:\Users\anon2\OneDrive\Documents\Students\students\MarksWorker.cpp(29): warning C4172:  возвращение адреса локальной или временной переменной : i
C:\Users\anon2\OneDrive\Documents\Students\students\MarksWorker.cpp(98): warning C4172:  возвращение адреса локальной или временной переменной : m
  students.vcxproj -> C:\Users\anon2\OneDrive\Documents\Students\x64\Debug\students.exe
